<?xml version="1.0" encoding="UTF-8"?>
<!-- Generated by org.testng.reporters.JUnitXMLReporter -->
<testsuite ignored="0" hostname="KurosakiIchigo" failures="1" tests="1" name="LoginTest" time="19.375" errors="0" timestamp="2021-12-04T12:56:28 WIB">
  <testcase classname="testcases.LoginTest" name="loginAsBankManager" time="19.341">
    <failure type="java.lang.AssertionError" message="Login was not successful expected [true] but found [false]">
      <![CDATA[java.lang.AssertionError: Login was not successful expected [true] but found [false]
at testcases.LoginTest.loginAsBankManager(LoginTest.java:18)
at java.base/java.util.ArrayList.forEach(ArrayList.java:1507)
... Removed 30 stack frames]]>
    </failure>
  </testcase> <!-- loginAsBankManager -->
</testsuite> <!-- LoginTest -->
