<?xml version="1.0" encoding="UTF-8"?>
<!-- Generated by org.testng.reporters.JUnitXMLReporter -->
<testsuite ignored="2" hostname="KurosakiIchigo" failures="0" tests="2" name="Test" time="2.534" errors="0" timestamp="2021-12-04T23:28:49 WIB">
  <testcase classname="testcases.BankManagerLoginTest" name="loginAsBankManager" time="2.074"/>
  <testcase classname="testcases.AddCustomerTest" name="AddCustomer" time="0.418"/>
  <testcase classname="base.TestBase" name="@AfterSuite tearDown" time="0.0">
    <ignored/>
  </testcase> <!-- @AfterSuite tearDown -->
  <testcase classname="base.TestBase" name="@BeforeSuite setUp" time="0.0">
    <ignored/>
  </testcase> <!-- @BeforeSuite setUp -->
</testsuite> <!-- Test -->
