<?xml version="1.0" encoding="UTF-8"?>
<testng-results ignored="2" total="4" passed="2" failed="0" skipped="0">
  <reporter-output>
    <line>
      <![CDATA[Login was successful]]>
    </line>
  </reporter-output>
  <suite started-at="2021-12-05T16:57:33 WIB" name="DataDrivenBasics" finished-at="2021-12-05T16:57:33 WIB" duration-ms="633">
    <groups>
    </groups>
    <test started-at="2021-12-05T16:57:33 WIB" name="Test" finished-at="2021-12-05T16:57:33 WIB" duration-ms="633">
      <class name="testcases.AddCustomerTest">
        <test-method signature="AddCustomer(java.lang.String,java.lang.String,java.lang.String,java.lang.String)[pri:0, instance:testcases.AddCustomerTest@63f8276e]" started-at="2021-12-05T16:57:33 WIB" name="AddCustomer" data-provider="getData" finished-at="2021-12-05T16:57:33 WIB" duration-ms="381" status="PASS">
          <params>
            <param index="0">
              <value>
                <![CDATA[Harry]]>
              </value>
            </param>
            <param index="1">
              <value>
                <![CDATA[Potter]]>
              </value>
            </param>
            <param index="2">
              <value>
                <![CDATA[HG314]]>
              </value>
            </param>
            <param index="3">
              <value>
                <![CDATA[Customer added successfully]]>
              </value>
            </param>
          </params>
          <reporter-output>
          </reporter-output>
        </test-method> <!-- AddCustomer -->
      </class> <!-- testcases.AddCustomerTest -->
      <class name="testcases.BankManagerLoginTest">
        <test-method is-config="true" signature="setUp()[pri:0, instance:testcases.BankManagerLoginTest@687ef2e0]" started-at="2021-12-05T16:57:28 WIB" name="setUp" finished-at="2021-12-05T16:57:33 WIB" duration-ms="4327" status="PASS">
          <reporter-output>
          </reporter-output>
        </test-method> <!-- setUp -->
        <test-method signature="loginAsBankManager()[pri:0, instance:testcases.BankManagerLoginTest@687ef2e0]" started-at="2021-12-05T16:57:33 WIB" name="loginAsBankManager" finished-at="2021-12-05T16:57:33 WIB" duration-ms="208" status="PASS">
          <reporter-output>
            <line>
              <![CDATA[Login was successful]]>
            </line>
          </reporter-output>
        </test-method> <!-- loginAsBankManager -->
        <test-method is-config="true" signature="tearDown()[pri:0, instance:testcases.BankManagerLoginTest@687ef2e0]" started-at="2021-12-05T16:57:33 WIB" name="tearDown" finished-at="2021-12-05T16:57:34 WIB" duration-ms="633" status="PASS">
          <reporter-output>
          </reporter-output>
        </test-method> <!-- tearDown -->
      </class> <!-- testcases.BankManagerLoginTest -->
    </test> <!-- Test -->
  </suite> <!-- DataDrivenBasics -->
</testng-results>
