<?xml version="1.0" encoding="UTF-8"?>
<testng-results ignored="0" total="1" passed="1" failed="0" skipped="0">
  <reporter-output>
  </reporter-output>
  <suite started-at="2021-12-01T00:44:55 WIB" name="DataDrivenBasics" finished-at="2021-12-01T00:44:58 WIB" duration-ms="3115">
    <groups>
    </groups>
    <test started-at="2021-12-01T00:44:55 WIB" name="LoginTest" finished-at="2021-12-01T00:44:58 WIB" duration-ms="3115">
      <class name="testcases.LoginTest">
        <test-method is-config="true" signature="setUp()[pri:0, instance:testcases.LoginTest@294425a7]" started-at="2021-12-01T00:44:51 WIB" name="setUp" finished-at="2021-12-01T00:44:55 WIB" duration-ms="4357" status="PASS">
          <reporter-output>
          </reporter-output>
        </test-method> <!-- setUp -->
        <test-method signature="loginAsBankManager()[pri:0, instance:testcases.LoginTest@294425a7]" started-at="2021-12-01T00:44:55 WIB" name="loginAsBankManager" finished-at="2021-12-01T00:44:58 WIB" duration-ms="3080" status="PASS">
          <reporter-output>
          </reporter-output>
        </test-method> <!-- loginAsBankManager -->
        <test-method is-config="true" signature="tearDown()[pri:0, instance:testcases.LoginTest@294425a7]" started-at="2021-12-01T00:44:58 WIB" name="tearDown" finished-at="2021-12-01T00:44:59 WIB" duration-ms="696" status="PASS">
          <reporter-output>
          </reporter-output>
        </test-method> <!-- tearDown -->
      </class> <!-- testcases.LoginTest -->
    </test> <!-- LoginTest -->
  </suite> <!-- DataDrivenBasics -->
</testng-results>
